2024-12-17 03:00:53 - INFO - Robot system starting...
2024-12-17 03:01:41 - INFO - Switched to manual mode.
2024-12-17 03:02:11 - INFO - Shutting down robot system...
2024-12-17 03:02:11 - INFO - Robot system stopped.
2024-12-17 03:04:20 - INFO - Robot system starting...
2024-12-17 03:04:24 - INFO - Switched to manual mode.
2024-12-17 03:04:44 - INFO - Shutting down robot system...
2024-12-17 03:04:44 - INFO - Robot system stopped.
2024-12-17 13:25:34 - INFO - Robot system starting...
2024-12-17 13:25:48 - INFO - Robot system stopped.
2024-12-17 13:44:03 - INFO - Robot system starting...
2024-12-17 13:44:04 - INFO - Switched to manual mode.
2024-12-17 13:45:11 - INFO - Switched to automatic mode.
2024-12-17 13:45:11 - INFO - Robot system stopped.
2024-12-17 13:49:32 - INFO - Robot system starting...
2024-12-17 13:49:34 - INFO - Switched to automatic mode.
2024-12-17 13:50:02 - INFO - Switched to automatic mode.
2024-12-17 13:50:25 - INFO - Shutting down robot system...
2024-12-17 13:50:25 - INFO - Robot system stopped.
2024-12-17 13:50:52 - INFO - Robot system starting...
2024-12-17 13:50:57 - INFO - Switched to automatic mode.
2024-12-17 13:51:08 - INFO - Switched to automatic mode.
2024-12-17 13:51:56 - INFO - Shutting down robot system...
2024-12-17 13:51:56 - INFO - Robot system stopped.
2024-12-17 15:42:18 - INFO - Robot system starting...
2024-12-17 15:42:21 - INFO - Switched to manual mode.
2024-12-17 15:42:52 - INFO - Switched to automatic mode.
2024-12-17 15:42:58 - INFO - Robot system stopped.
2024-12-17 16:18:10 - INFO - Robot system starting...
2024-12-17 16:18:32 - INFO - Switched to automatic mode.
2024-12-17 16:18:36 - INFO - Switched to automatic mode.
2024-12-17 16:18:36 - INFO - Robot system stopped.
2024-12-17 16:20:30 - INFO - Robot system starting...
2024-12-17 16:20:36 - INFO - Switched to automatic mode.
2024-12-17 16:20:38 - INFO - Switched to automatic mode.
2024-12-17 16:21:27 - INFO - Shutting down robot system...
2024-12-17 16:21:27 - INFO - Robot system stopped.
2024-12-17 16:27:24 - INFO - Robot system starting...
2024-12-17 16:27:30 - INFO - Switched to automatic mode.
2024-12-17 16:27:37 - INFO - Switched to automatic mode.
2024-12-17 16:29:32 - INFO - Shutting down robot system...
2024-12-17 16:29:32 - INFO - Robot system stopped.
2024-12-17 16:31:35 - INFO - Robot system starting...
2024-12-17 16:31:38 - INFO - Switched to manual mode.
2024-12-17 16:32:08 - INFO - Robot system stopped.
2024-12-17 16:46:50 - INFO - Robot system starting...
2024-12-17 16:46:53 - INFO - Switched to automatic mode.
2024-12-17 16:48:05 - INFO - Switched to automatic mode.
2024-12-17 16:48:05 - INFO - Robot system stopped.
2024-12-17 16:55:02 - INFO - Robot system starting...
2024-12-17 16:55:07 - INFO - Switched to automatic mode.
2024-12-17 16:55:20 - INFO - Switched to automatic mode.
2024-12-17 16:56:10 - INFO - Shutting down robot system...
2024-12-17 16:56:10 - INFO - Robot system stopped.
2024-12-17 17:03:51 - INFO - Robot system starting...
2024-12-17 17:03:56 - INFO - Switched to manual mode.
2024-12-17 17:04:16 - INFO - Robot system stopped.
2024-12-17 17:16:57 - INFO - Robot system starting...
2024-12-17 17:16:59 - INFO - Switched to manual mode.
2024-12-17 17:16:59 - INFO - Robot system stopped.
2024-12-17 17:24:13 - INFO - Robot system starting...
2024-12-17 17:24:18 - INFO - Switched to manual mode.
2024-12-17 17:27:06 - INFO - Shutting down robot system...
2024-12-17 17:27:06 - INFO - Robot system stopped.
2024-12-17 17:27:15 - INFO - Robot system starting...
2024-12-17 17:27:21 - INFO - Switched to manual mode.
2024-12-17 17:28:04 - INFO - Switched to automatic mode.
2024-12-17 17:28:09 - INFO - Shutting down robot system...
2024-12-17 17:28:09 - INFO - Robot system stopped.
2024-12-17 17:28:23 - INFO - Robot system starting...
2024-12-17 17:28:27 - INFO - Switched to manual mode.
2024-12-17 17:28:49 - INFO - Switched to automatic mode.
2024-12-17 17:30:05 - INFO - Shutting down robot system...
2024-12-17 17:30:05 - INFO - Robot system stopped.
2024-12-17 17:32:29 - INFO - Robot system starting...
2024-12-17 17:32:31 - INFO - Switched to automatic mode.
2024-12-17 17:32:37 - INFO - Switched to automatic mode.
2024-12-17 17:33:10 - INFO - Shutting down robot system...
2024-12-17 17:33:10 - INFO - Robot system stopped.
2024-12-17 17:33:15 - INFO - Robot system starting...
2024-12-17 17:33:16 - INFO - Switched to manual mode.
2024-12-17 17:33:37 - INFO - Shutting down robot system...
2024-12-17 17:33:37 - INFO - Robot system stopped.
2024-12-17 17:51:46 - INFO - Robot system starting...
2024-12-17 17:51:48 - INFO - Switched to manual mode.
2024-12-17 17:51:48 - INFO - Robot system stopped.
2024-12-17 17:52:24 - INFO - Robot system starting...
2024-12-17 17:52:28 - INFO - Switched to manual mode.
2024-12-17 17:52:44 - INFO - Switched to manual mode.
2024-12-17 17:52:49 - INFO - Switched to manual mode.
2024-12-17 17:54:01 - INFO - Shutting down robot system...
2024-12-17 17:54:01 - INFO - Robot system stopped.
2024-12-17 18:22:30 - INFO - Robot system starting...
2024-12-17 18:22:33 - INFO - Switched to manual mode.
2024-12-17 18:24:46 - INFO - Switched to manual mode.
2024-12-17 18:24:51 - INFO - Switched to manual mode.
2024-12-17 18:25:57 - INFO - Switched to manual mode.
2024-12-17 18:25:59 - INFO - Switched to manual mode.
2024-12-17 18:28:51 - INFO - Shutting down robot system...
2024-12-17 18:28:51 - INFO - Robot system stopped.
2024-12-17 18:28:58 - INFO - Robot system starting...
2024-12-17 18:28:59 - INFO - Switched to manual mode.
2024-12-17 18:30:16 - INFO - Switched to automatic mode.
2024-12-17 18:30:27 - INFO - Shutting down robot system...
2024-12-17 18:30:27 - INFO - Robot system stopped.
2024-12-17 19:18:34 - INFO - Robot system starting...
2024-12-17 19:18:40 - INFO - Switched to automatic mode.
2024-12-17 19:18:43 - INFO - Switched to automatic mode.
2024-12-17 19:19:07 - INFO - Shutting down robot system...
2024-12-17 19:19:07 - INFO - Robot system stopped.
2024-12-17 19:19:59 - INFO - Robot system starting...
2024-12-17 19:20:03 - INFO - Switched to automatic mode.
2024-12-17 19:20:07 - INFO - Switched to automatic mode.
2024-12-17 19:20:11 - INFO - Shutting down robot system...
2024-12-17 19:20:11 - INFO - Robot system stopped.
2024-12-17 20:27:54 - INFO - Robot system starting...
2024-12-17 20:28:28 - INFO - Switched to automatic mode.
2024-12-17 20:28:31 - INFO - Switched to automatic mode.
2024-12-17 20:28:36 - INFO - Shutting down robot system...
2024-12-17 20:28:36 - INFO - Robot system stopped.
2024-12-17 20:32:06 - INFO - Robot system starting...
2024-12-17 20:32:10 - INFO - Switched to automatic mode.
2024-12-17 20:32:14 - INFO - Switched to automatic mode.
2024-12-17 20:32:36 - INFO - Shutting down robot system...
2024-12-17 20:32:36 - INFO - Robot system stopped.
2024-12-17 20:34:59 - INFO - Robot system starting...
2024-12-17 20:35:01 - INFO - Switched to automatic mode.
2024-12-17 20:35:03 - INFO - Switched to automatic mode.
2024-12-17 20:35:59 - INFO - Shutting down robot system...
2024-12-17 20:35:59 - INFO - Robot system stopped.
2024-12-17 20:38:39 - INFO - Robot system starting...
2024-12-17 20:38:41 - INFO - Switched to automatic mode.
2024-12-17 20:38:43 - INFO - Switched to automatic mode.
2024-12-17 20:40:01 - INFO - Shutting down robot system...
2024-12-17 20:40:01 - INFO - Robot system stopped.
2024-12-18 14:07:38 - INFO - Robot system starting...
2024-12-18 14:13:58 - INFO - Shutting down robot system...
2024-12-18 14:13:58 - INFO - Robot system stopped.
2024-12-18 14:14:06 - INFO - Robot system starting...
2024-12-18 14:14:10 - INFO - Switched to manual mode.
2024-12-18 14:15:10 - INFO - Shutting down robot system...
2024-12-18 14:15:10 - INFO - Robot system stopped.
2024-12-18 14:17:22 - INFO - Robot system starting...
2024-12-18 14:17:24 - INFO - Switched to manual mode.
2024-12-18 14:17:49 - INFO - Shutting down robot system...
2024-12-18 14:17:49 - INFO - Robot system stopped.
2024-12-18 14:33:00 - INFO - Robot system starting...
2024-12-18 14:33:05 - INFO - Switched to manual mode.
2024-12-18 14:35:32 - INFO - Shutting down robot system...
2024-12-18 14:35:32 - INFO - Robot system stopped.
2024-12-18 15:38:31 - INFO - Robot system starting...
2024-12-18 15:38:32 - INFO - Switched to manual mode.
2024-12-18 15:39:44 - INFO - Shutting down robot system...
2024-12-18 15:39:44 - INFO - Robot system stopped.
2024-12-18 18:10:04 - INFO - Robot system starting...
2024-12-18 18:10:12 - INFO - Switched to manual mode.
2024-12-18 18:11:24 - INFO - Shutting down robot system...
2024-12-18 18:11:24 - INFO - Robot system stopped.
2024-12-18 18:15:14 - INFO - Robot system starting...
2024-12-18 18:15:21 - INFO - Switched to manual mode.
2024-12-18 18:24:07 - INFO - Switched to manual mode.
2024-12-18 18:24:11 - INFO - Switched to manual mode.
2024-12-18 18:24:19 - INFO - Shutting down robot system...
2024-12-18 18:24:19 - INFO - Robot system stopped.
2024-12-18 18:24:33 - INFO - Robot system starting...
2024-12-18 18:24:40 - INFO - Switched to manual mode.
2024-12-18 18:27:45 - INFO - Shutting down robot system...
2024-12-18 18:27:45 - INFO - Robot system stopped.
2024-12-18 18:28:44 - INFO - Robot system starting...
2024-12-18 18:28:49 - INFO - Switched to automatic mode.
2024-12-18 18:28:51 - INFO - Switched to automatic mode.
2024-12-18 18:31:56 - INFO - Shutting down robot system...
2024-12-18 18:31:56 - INFO - Robot system stopped.
2024-12-18 18:36:05 - INFO - Robot system starting...
2024-12-18 18:36:10 - INFO - Switched to manual mode.
2024-12-18 18:36:40 - INFO - Shutting down robot system...
2024-12-18 18:36:40 - INFO - Robot system stopped.
2024-12-18 18:37:42 - INFO - Robot system starting...
2024-12-18 18:37:43 - INFO - Switched to manual mode.
2024-12-18 18:46:24 - INFO - Robot system stopped.
2024-12-18 20:17:44 - INFO - Robot system starting...
2024-12-19 18:38:27 - INFO - Robot system starting...
2024-12-19 18:38:33 - INFO - Robot system stopped.
2024-12-19 18:41:33 - INFO - Robot system starting...
2024-12-19 18:41:36 - INFO - Switched to manual mode.
2024-12-19 18:43:33 - INFO - Shutting down robot system...
2024-12-19 18:43:33 - INFO - Robot system stopped.
2024-12-19 18:43:40 - INFO - Robot system starting...
2024-12-19 18:43:46 - INFO - Switched to manual mode.
2024-12-19 18:45:08 - INFO - Shutting down robot system...
2024-12-19 18:45:08 - INFO - Robot system stopped.
2024-12-19 18:46:51 - INFO - Robot system starting...
2024-12-19 18:46:54 - INFO - Switched to manual mode.
2024-12-19 18:47:21 - INFO - Shutting down robot system...
2024-12-19 18:47:21 - INFO - Robot system stopped.
2024-12-19 18:47:35 - INFO - Robot system starting...
2024-12-19 18:47:36 - INFO - Switched to manual mode.
2024-12-19 18:47:52 - INFO - Shutting down robot system...
2024-12-19 18:47:52 - INFO - Robot system stopped.
2024-12-19 18:48:08 - INFO - Robot system starting...
2024-12-19 18:48:13 - INFO - Switched to manual mode.
2024-12-19 18:48:32 - INFO - Shutting down robot system...
2024-12-19 18:48:32 - INFO - Robot system stopped.
2024-12-19 18:49:39 - INFO - Robot system starting...
2024-12-19 18:49:41 - INFO - Switched to manual mode.
2024-12-19 18:50:57 - INFO - Shutting down robot system...
2024-12-19 18:50:57 - INFO - Robot system stopped.
2024-12-19 18:57:22 - INFO - Robot system starting...
2024-12-19 18:57:28 - INFO - Shutting down robot system...
2024-12-19 18:57:28 - INFO - Robot system stopped.
2024-12-20 03:59:43 - INFO - Robot system starting...
2024-12-20 04:01:39 - INFO - Robot system starting...
2024-12-20 04:01:43 - INFO - Switched to manual mode.
2024-12-20 04:04:34 - INFO - Switched to manual mode.
2024-12-20 04:04:42 - INFO - Switched to manual mode.
2024-12-20 04:05:53 - INFO - Shutting down robot system...
2024-12-20 04:05:53 - INFO - Robot system stopped.
2024-12-20 16:58:56 - INFO - Robot system starting...
2024-12-20 16:58:58 - INFO - Shutting down robot system...
2024-12-20 16:58:58 - INFO - Robot system stopped.
2024-12-20 18:36:26 - INFO - Robot system starting...
2024-12-20 18:36:36 - INFO - Shutting down robot system...
2024-12-20 18:36:36 - INFO - Robot system stopped.
2024-12-20 19:34:24 - INFO - Robot system starting...
2024-12-20 19:34:30 - INFO - Switched to manual mode.
2024-12-20 19:35:10 - INFO - Shutting down robot system...
2024-12-20 19:35:10 - INFO - Robot system stopped.
2024-12-20 19:37:17 - INFO - Robot system starting...
2024-12-20 19:37:35 - INFO - Switched to manual mode.
2024-12-20 19:39:25 - INFO - Shutting down robot system...
2024-12-20 19:39:25 - INFO - Robot system stopped.
2024-12-20 20:02:41 - INFO - Robot system starting...
2024-12-20 20:03:06 - INFO - Switched to manual mode.
2024-12-20 20:04:55 - INFO - Shutting down robot system...
2024-12-20 20:04:55 - INFO - Robot system stopped.
2024-12-21 13:33:08 - INFO - Robot system starting...
2024-12-21 13:33:14 - INFO - Switched to automatic mode.
2024-12-21 13:33:17 - INFO - Shutting down robot system...
2024-12-21 13:33:17 - INFO - Robot system stopped.
2024-12-21 13:34:07 - INFO - Robot system starting...
2024-12-21 13:34:10 - INFO - Switched to automatic mode.
2024-12-21 13:34:30 - INFO - Shutting down robot system...
2024-12-21 13:34:30 - INFO - Robot system stopped.
2024-12-21 13:37:24 - INFO - Robot system starting...
2024-12-21 13:37:35 - INFO - Switched to automatic mode.
2024-12-21 13:37:51 - INFO - Switched to automatic mode.
2024-12-21 13:38:13 - INFO - Switched to manual mode.
2024-12-21 13:39:33 - INFO - Switched to automatic mode.
2024-12-21 13:39:43 - INFO - Shutting down robot system...
2024-12-21 13:39:43 - INFO - Robot system stopped.
2024-12-21 13:44:49 - INFO - Robot system starting...
2024-12-21 13:44:57 - INFO - Switched to automatic mode.
2024-12-21 13:45:00 - INFO - Switched to automatic mode.
2024-12-21 13:47:48 - INFO - Shutting down robot system...
2024-12-21 13:47:48 - INFO - Robot system stopped.
2024-12-21 13:57:28 - INFO - Robot system starting...
2024-12-21 13:57:35 - INFO - Switched to automatic mode.
2024-12-21 13:57:39 - INFO - Switched to automatic mode.
2024-12-21 13:59:07 - INFO - Shutting down robot system...
2024-12-21 13:59:07 - INFO - Robot system stopped.
2024-12-21 13:59:16 - INFO - Robot system starting...
2024-12-21 13:59:18 - INFO - Switched to automatic mode.
2024-12-21 13:59:20 - INFO - Switched to automatic mode.
2024-12-22 15:57:39 - INFO - Robot system starting...
2024-12-22 15:57:45 - INFO - Switched to automatic mode.
2024-12-22 15:57:46 - INFO - Switched to automatic mode.
2024-12-22 15:58:19 - INFO - Shutting down robot system...
2024-12-22 15:58:19 - INFO - Robot system stopped.
2024-12-22 15:59:07 - INFO - Robot system starting...
2024-12-22 15:59:11 - INFO - Switched to automatic mode.
2024-12-22 15:59:15 - INFO - Switched to automatic mode.
2024-12-22 15:59:59 - INFO - Shutting down robot system...
2024-12-22 15:59:59 - INFO - Robot system stopped.
2024-12-22 16:33:29 - INFO - Robot system starting...
2024-12-22 16:33:32 - INFO - Switched to manual mode.
2024-12-22 16:34:53 - INFO - Shutting down robot system...
2024-12-22 16:34:53 - INFO - Robot system stopped.
2024-12-22 16:50:41 - INFO - Robot system starting...
2024-12-22 16:50:45 - INFO - Switched to manual mode.
2024-12-22 16:54:08 - INFO - Shutting down robot system...
2024-12-22 16:54:08 - INFO - Robot system stopped.
2024-12-22 17:40:47 - INFO - Robot system starting...
2024-12-22 17:40:51 - INFO - Switched to automatic mode.
2024-12-22 17:40:53 - INFO - Switched to automatic mode.
2024-12-22 17:40:53 - INFO - Robot system stopped.
2024-12-22 17:45:44 - INFO - Robot system starting...
2024-12-22 17:45:47 - INFO - Switched to manual mode.
2024-12-22 17:45:53 - INFO - Switched to automatic mode.
2024-12-22 17:45:53 - INFO - Robot system stopped.
2024-12-22 17:47:19 - INFO - Robot system starting...
2024-12-22 17:47:22 - INFO - Switched to automatic mode.
2024-12-22 17:47:25 - INFO - Switched to automatic mode.
2024-12-22 17:48:25 - INFO - Shutting down robot system...
2024-12-22 17:48:25 - INFO - Robot system stopped.
2024-12-22 22:54:41 - INFO - Robot system starting...
2024-12-22 22:55:45 - INFO - Robot system starting...
2024-12-22 22:56:23 - INFO - Switched to automatic mode.
2024-12-22 22:56:24 - INFO - Robot system stopped.
2024-12-22 22:57:15 - INFO - Robot system starting...
2024-12-22 22:57:20 - INFO - Switched to automatic mode.
2024-12-22 22:57:26 - INFO - Switched to automatic mode.
2024-12-22 22:57:31 - INFO - Switched to automatic mode.
2024-12-22 22:57:40 - INFO - Shutting down robot system...
2024-12-22 22:57:40 - INFO - Robot system stopped.
2024-12-22 22:58:34 - INFO - Robot system starting...
2024-12-22 22:58:41 - INFO - Switched to automatic mode.
2024-12-22 22:58:58 - INFO - Shutting down robot system...
2024-12-22 22:58:58 - INFO - Robot system stopped.
2024-12-22 23:05:02 - INFO - Robot system starting...
2024-12-22 23:05:10 - INFO - Switched to automatic mode.
2024-12-22 23:05:13 - INFO - Shutting down robot system...
2024-12-22 23:05:13 - INFO - Robot system stopped.
2024-12-22 23:07:01 - INFO - Robot system starting...
2024-12-22 23:07:09 - INFO - Switched to automatic mode.
2024-12-22 23:07:20 - INFO - Shutting down robot system...
2024-12-22 23:07:20 - INFO - Robot system stopped.
2024-12-22 23:09:20 - INFO - Robot system starting...
2024-12-22 23:09:27 - INFO - Switched to automatic mode.
2024-12-22 23:09:31 - INFO - Shutting down robot system...
2024-12-22 23:09:31 - INFO - Robot system stopped.
2024-12-22 23:11:15 - INFO - Robot system starting...
2024-12-22 23:11:23 - INFO - An error occurred: 'Modes' object has no attribute 'mode'
2024-12-22 23:11:23 - INFO - Robot system stopped.
2024-12-22 23:12:00 - INFO - Robot system starting...
2024-12-22 23:12:10 - INFO - Switched to automatic mode.
2024-12-22 23:12:22 - INFO - Shutting down robot system...
2024-12-22 23:12:22 - INFO - Robot system stopped.
2024-12-22 23:16:08 - INFO - Robot system starting...
2024-12-22 23:16:13 - INFO - Switched to automatic mode.
2024-12-22 23:16:30 - INFO - Shutting down robot system...
2024-12-22 23:16:30 - INFO - Robot system stopped.
2024-12-22 23:20:19 - INFO - Robot system starting...
2024-12-22 23:20:25 - INFO - Switched to automatic mode.
2024-12-22 23:20:32 - INFO - Shutting down robot system...
2024-12-22 23:20:32 - INFO - Robot system stopped.
2024-12-22 23:20:48 - INFO - Robot system starting...
2024-12-22 23:20:54 - INFO - Switched to automatic mode.
2024-12-22 23:21:05 - INFO - Shutting down robot system...
2024-12-22 23:21:05 - INFO - Robot system stopped.
2024-12-22 23:23:58 - INFO - Robot system starting...
2024-12-22 23:24:12 - INFO - Switched to automatic mode.
2024-12-22 23:24:21 - INFO - Shutting down robot system...
2024-12-22 23:24:21 - INFO - Robot system stopped.
2024-12-22 23:24:44 - INFO - Robot system starting...
2024-12-22 23:24:49 - INFO - Switched to automatic mode.
2024-12-22 23:24:56 - INFO - Shutting down robot system...
2024-12-22 23:24:56 - INFO - Robot system stopped.
2024-12-22 23:27:31 - INFO - Robot system starting...
2024-12-22 23:27:37 - INFO - Switched to automatic mode.
2024-12-22 23:28:03 - INFO - Shutting down robot system...
2024-12-22 23:28:03 - INFO - Robot system stopped.
2024-12-22 23:31:42 - INFO - Robot system starting...
2024-12-22 23:31:48 - INFO - Switched to automatic mode.
2024-12-22 23:36:15 - INFO - Shutting down robot system...
2024-12-22 23:36:15 - INFO - Robot system stopped.
